<?xml version="1.0" encoding="UTF-8"?>
<!-- Generated by org.testng.reporters.JUnitReportReporter -->
<testsuite hostname="LAPTOP-8HTS703C" failures="0" tests="1" name="com.training.testcases.UserMenuTest" time="7.177" errors="0" timestamp="11 Apr 2024 03:55:32 GMT">
  <testcase classname="com.training.testcases.UserMenuTest" name="developerConsoleTest_TC8" time="7.177"/>
</testsuite> <!-- com.training.testcases.UserMenuTest -->
