<?xml version="1.0" encoding="UTF-8"?>
<!-- Generated by org.testng.reporters.JUnitReportReporter -->
<testsuite hostname="LAPTOP-8HTS703C" failures="0" tests="1" name="com.training.testcases.LoginTest" time="5.442" errors="0" timestamp="10 Apr 2024 17:43:53 GMT">
  <testcase classname="com.training.testcases.LoginTest" name="loginTestWrongDetail_TC4B" time="5.442"/>
</testsuite> <!-- com.training.testcases.LoginTest -->
