<?xml version="1.0" encoding="UTF-8"?>
<!-- Generated by org.testng.reporters.JUnitReportReporter -->
<testsuite hostname="LAPTOP-8HTS703C" failures="0" tests="1" name="com.training.testcases.LeadsTest" time="11.051" errors="0" timestamp="11 Apr 2024 07:12:10 GMT">
  <testcase classname="com.training.testcases.LeadsTest" name="newLeadVerifyTest_TC24" time="11.051"/>
</testsuite> <!-- com.training.testcases.LeadsTest -->
