<?xml version="1.0" encoding="UTF-8"?>
<!-- Generated by org.testng.reporters.JUnitReportReporter -->
<testsuite hostname="LAPTOP-8HTS703C" failures="0" tests="1" name="com.training.testcases.OpportunitiesTest" time="14.105" errors="0" timestamp="11 Apr 2024 06:05:25 GMT">
  <testcase classname="com.training.testcases.OpportunitiesTest" name="quarterlySummaryLinkTest_TC19" time="14.105"/>
</testsuite> <!-- com.training.testcases.OpportunitiesTest -->
