<?xml version="1.0" encoding="UTF-8"?>
<!-- Generated by org.testng.reporters.JUnitReportReporter -->
<testsuite hostname="LAPTOP-6I37K8RN" name="com.training.testcases.HomeTest" tests="1" failures="0" timestamp="26 Mar 2024 17:36:35 GMT" time="9.945" errors="0">
  <testcase name="testfnamelastName" time="9.945" classname="com.training.testcases.HomeTest"/>
</testsuite> <!-- com.training.testcases.HomeTest -->
